TN:
SF:dist/index.js
FN:1,Object.<anonymous>
FN:2,Object.<anonymous>.__importDefault
FNF:2
FNH:2
FNDA:1,Object.<anonymous>
FNDA:1,Object.<anonymous>.__importDefault
DA:1,1
DA:2,1
DA:3,1
DA:4,1
DA:5,1
DA:6,1
DA:7,1
DA:8,1
DA:9,1
DA:10,1
DA:11,1
DA:12,1
DA:13,1
DA:14,1
DA:15,1
DA:16,3
DA:17,3
DA:18,3
DA:19,2
DA:20,2
DA:21,2
DA:22,2
DA:23,1
DA:24,1
DA:25,1
DA:26,1
DA:27,1
DA:28,1
DA:29,1
DA:30,1
DA:31,1
DA:32,1
DA:33,1
DA:34,0
DA:35,0
DA:36,0
DA:37,0
DA:38,1
DA:39,1
DA:40,1
DA:41,1
DA:42,1
LF:42
LH:38
BRDA:1,0,0,1
BRDA:1,1,0,1
BRDA:2,2,0,1
BRDA:3,3,0,0
BRDA:15,4,0,3
BRDA:18,5,0,2
BRDA:23,6,0,1
BRDA:28,7,0,1
BRDA:33,8,0,0
BRF:9
BRH:7
end_of_record
TN:
SF:src/index.ts
FNF:0
FNH:0
DA:1,1
DA:2,1
DA:3,1
DA:4,1
DA:5,1
DA:6,1
DA:7,1
DA:8,1
DA:9,1
DA:10,1
DA:11,1
DA:12,1
DA:13,1
DA:14,3
DA:15,3
DA:16,3
DA:17,2
DA:18,2
DA:19,2
DA:20,2
DA:21,1
DA:22,1
DA:23,1
DA:24,1
DA:25,1
DA:26,1
DA:27,1
DA:28,1
DA:29,1
DA:30,1
DA:31,1
DA:32,1
DA:33,1
DA:34,1
DA:35,1
DA:36,0
DA:37,0
DA:38,0
DA:39,0
DA:40,1
DA:41,1
DA:42,1
DA:43,1
DA:44,1
DA:45,1
DA:46,1
LF:46
LH:42
BRDA:13,0,0,3
BRDA:16,1,0,2
BRDA:21,2,0,1
BRDA:29,3,0,1
BRDA:35,4,0,0
BRF:5
BRH:4
end_of_record
